d:\c_project\address_book_management_system\通讯录管理系统\release\vc143.pdb
d:\c_project\address_book_management_system\通讯录管理系统\release\showmenu.obj
d:\c_project\address_book_management_system\通讯录管理系统\release\showcontact.obj
d:\c_project\address_book_management_system\通讯录管理系统\release\savebook.obj
d:\c_project\address_book_management_system\通讯录管理系统\release\revisecontact.obj
d:\c_project\address_book_management_system\通讯录管理系统\release\managesystem.obj
d:\c_project\address_book_management_system\通讯录管理系统\release\loadconfig.obj
d:\c_project\address_book_management_system\通讯录管理系统\release\findcontact.obj
d:\c_project\address_book_management_system\通讯录管理系统\release\delcontact.obj
d:\c_project\address_book_management_system\通讯录管理系统\release\clearcontact.obj
d:\c_project\address_book_management_system\通讯录管理系统\release\addcontact.obj
d:\c_project\address_book_management_system\通讯录管理系统\release\通讯录管理系统.exe
d:\c_project\address_book_management_system\通讯录管理系统\release\通讯录管理系统.pdb
d:\c_project\address_book_management_system\通讯录管理系统\release\通讯录管理系统.res
d:\c_project\address_book_management_system\通讯录管理系统\release\通讯录管理系统.ipdb
d:\c_project\address_book_management_system\通讯录管理系统\release\通讯录管理系统.iobj
d:\c_project\address_book_management_system\通讯录管理系统\release\通讯录管理系统.tlog\cl.command.1.tlog
d:\c_project\address_book_management_system\通讯录管理系统\release\通讯录管理系统.tlog\cl.read.1.tlog
d:\c_project\address_book_management_system\通讯录管理系统\release\通讯录管理系统.tlog\cl.write.1.tlog
d:\c_project\address_book_management_system\通讯录管理系统\release\通讯录管理系统.tlog\link.command.1.tlog
d:\c_project\address_book_management_system\通讯录管理系统\release\通讯录管理系统.tlog\link.read.1.tlog
d:\c_project\address_book_management_system\通讯录管理系统\release\通讯录管理系统.tlog\link.write.1.tlog
d:\c_project\address_book_management_system\通讯录管理系统\release\通讯录管理系统.tlog\rc.command.1.tlog
d:\c_project\address_book_management_system\通讯录管理系统\release\通讯录管理系统.tlog\rc.read.1.tlog
d:\c_project\address_book_management_system\通讯录管理系统\release\通讯录管理系统.tlog\rc.write.1.tlog
d:\c_project\address_book_management_system\通讯录管理系统\release\通讯录管理系统.tlog\通讯录管理系统.write.1u.tlog
